
[Importify] sending request:
https://app.importify.net/dashboard/woocomerce/status

[Importify] got response:
https://app.importify.net/dashboard/woocomerce/status

[Importify] api key: IESGQS7dnqHHs40N_J73F_Pr20mlmrCd:
http://localhost/dropshipping

[Importify] yes:
http://localhost/dropshipping

[Importify] Importify 115135 read_write:
http://localhost/dropshipping

[Importify] sending request:
https://app.importify.net/dashboard/woocomerce/status

[Importify] got response:
https://app.importify.net/dashboard/woocomerce/status

[Importify] after auth

[Importify] sending request:
https://app.importify.net/dashboard/woocomerce/status

[Importify] got response:
https://app.importify.net/dashboard/woocomerce/status

[Importify] sending request:
https://app.importify.net/dashboard/woocomerce/status

[Importify] got response:
https://app.importify.net/dashboard/woocomerce/status

[Importify] sending request:
https://app.importify.net/dashboard/woocomerce/status

[Importify] got response:
https://app.importify.net/dashboard/woocomerce/status
